<?xml version="1.0" encoding="UTF-8"?>
<!-- Generated by org.testng.reporters.JUnitXMLReporter -->
<testsuite ignored="0" hostname="RAM" failures="0" tests="3" name="ChromeTest" time="12.269" errors="0" timestamp="2024-04-27T17:52:44 IST">
  <testcase classname="CrossBrowser.Signin" name="Signin" time="0.89"/>
  <testcase classname="CrossBrowser.Assertion" name="forgotPassword" time="2.789"/>
  <testcase classname="CrossBrowser.Createaccount" name="Createaccount" time="4.417"/>
</testsuite> <!-- ChromeTest -->
