<?xml version="1.0" encoding="UTF-8"?>
<!-- Generated by org.testng.reporters.JUnitXMLReporter -->
<testsuite ignored="0" hostname="RAM" failures="0" tests="3" name="Firefoxtest" time="17.997" errors="0" timestamp="2024-04-27T17:53:02 IST">
  <testcase classname="CrossBrowser.Signin" name="Signin" time="1.218"/>
  <testcase classname="CrossBrowser.Assertion" name="forgotPassword" time="2.612"/>
  <testcase classname="CrossBrowser.Createaccount" name="Createaccount" time="5.206"/>
</testsuite> <!-- Firefoxtest -->
